# JRE version: OpenJDK Runtime Environment (11.0.11+9) (build 11.0.11+9-b60-7590822)
# Java VM: OpenJDK 64-Bit Server VM (11.0.11+9-b60-7590822, mixed mode, tiered, compressed oops, g1 gc, windows-amd64)
Heap:
 garbage-first heap   total 183296K, used 119503K [0x0000000080000000, 0x0000000100000000)
  region size 1024K, 73 young (74752K), 7 survivors (7168K)
 Metaspace       used 71422K, capacity 73160K, committed 73224K, reserved 1112064K
  class space    used 9151K, capacity 9809K, committed 9856K, reserved 1048576K
GC Heap History (20 events):
Event: 0.880 GC heap before
{Heap before GC invocations=1 (full 0):
 garbage-first heap   total 126976K, used 18874K [0x0000000080000000, 0x0000000100000000)
  region size 1024K, 12 young (12288K), 2 survivors (2048K)
 Metaspace       used 10185K, capacity 10485K, committed 10624K, reserved 1058816K
  class space    used 1069K, capacity 1139K, committed 1152K, reserved 1048576K
}
Event: 0.884 GC heap after
{Heap after GC invocations=2 (full 0):
 garbage-first heap   total 126976K, used 9705K [0x0000000080000000, 0x0000000100000000)
  region size 1024K, 2 young (2048K), 2 survivors (2048K)
 Metaspace       used 10185K, capacity 10485K, committed 10624K, reserved 1058816K
  class space    used 1069K, capacity 1139K, committed 1152K, reserved 1048576K
}
Event: 1.405 GC heap before
{Heap before GC invocations=2 (full 0):
 garbage-first heap   total 126976K, used 48617K [0x0000000080000000, 0x0000000100000000)
  region size 1024K, 40 young (40960K), 2 survivors (2048K)
 Metaspace       used 11282K, capacity 11504K, committed 11776K, reserved 1060864K
  class space    used 1175K, capacity 1244K, committed 1280K, reserved 1048576K
}
Event: 1.412 GC heap after
{Heap after GC invocations=3 (full 0):
 garbage-first heap   total 126976K, used 14059K [0x0000000080000000, 0x0000000100000000)
  region size 1024K, 5 young (5120K), 5 survivors (5120K)
 Metaspace       used 11282K, capacity 11504K, committed 11776K, reserved 1060864K
  class space    used 1175K, capacity 1244K, committed 1280K, reserved 1048576K
}
Event: 3.334 GC heap before
{Heap before GC invocations=3 (full 0):
 garbage-first heap   total 126976K, used 72427K [0x0000000080000000, 0x0000000100000000)
  region size 1024K, 63 young (64512K), 5 survivors (5120K)
 Metaspace       used 20620K, capacity 21100K, committed 21296K, reserved 1069056K
  class space    used 2531K, capacity 2660K, committed 2688K, reserved 1048576K
}
Event: 3.346 GC heap after
{Heap after GC invocations=4 (full 0):
 garbage-first heap   total 126976K, used 17602K [0x0000000080000000, 0x0000000100000000)
  region size 1024K, 8 young (8192K), 8 survivors (8192K)
 Metaspace       used 20620K, capacity 21100K, committed 21296K, reserved 1069056K
  class space    used 2531K, capacity 2660K, committed 2688K, reserved 1048576K
}
Event: 4.400 GC heap before
{Heap before GC invocations=5 (full 0):
 garbage-first heap   total 126976K, used 81090K [0x0000000080000000, 0x0000000100000000)
  region size 1024K, 70 young (71680K), 8 survivors (8192K)
 Metaspace       used 26686K, capacity 27304K, committed 27648K, reserved 1073152K
  class space    used 3516K, capacity 3737K, committed 3840K, reserved 1048576K
}
Event: 4.416 GC heap after
{Heap after GC invocations=6 (full 0):
 garbage-first heap   total 152576K, used 19920K [0x0000000080000000, 0x0000000100000000)
  region size 1024K, 6 young (6144K), 6 survivors (6144K)
 Metaspace       used 26686K, capacity 27304K, committed 27648K, reserved 1073152K
  class space    used 3516K, capacity 3737K, committed 3840K, reserved 1048576K
}
Event: 6.203 GC heap before
{Heap before GC invocations=6 (full 0):
 garbage-first heap   total 152576K, used 68048K [0x0000000080000000, 0x0000000100000000)
  region size 1024K, 54 young (55296K), 6 survivors (6144K)
 Metaspace       used 35044K, capacity 35842K, committed 36048K, reserved 1081344K
  class space    used 4554K, capacity 4863K, committed 4864K, reserved 1048576K
}
Event: 6.221 GC heap after
{Heap after GC invocations=7 (full 0):
 garbage-first heap   total 152576K, used 23163K [0x0000000080000000, 0x0000000100000000)
  region size 1024K, 9 young (9216K), 9 survivors (9216K)
 Metaspace       used 35044K, capacity 35842K, committed 36048K, reserved 1081344K
  class space    used 4554K, capacity 4863K, committed 4864K, reserved 1048576K
}
Event: 7.889 GC heap before
{Heap before GC invocations=8 (full 0):
 garbage-first heap   total 152576K, used 107131K [0x0000000080000000, 0x0000000100000000)
  region size 1024K, 89 young (91136K), 9 survivors (9216K)
 Metaspace       used 41391K, capacity 42371K, committed 42576K, reserved 1085440K
  class space    used 5332K, capacity 5682K, committed 5760K, reserved 1048576K
}
Event: 7.910 GC heap after
{Heap after GC invocations=9 (full 0):
 garbage-first heap   total 152576K, used 28931K [0x0000000080000000, 0x0000000100000000)
  region size 1024K, 12 young (12288K), 12 survivors (12288K)
 Metaspace       used 41391K, capacity 42371K, committed 42576K, reserved 1085440K
  class space    used 5332K, capacity 5682K, committed 5760K, reserved 1048576K
}
Event: 9.928 GC heap before
{Heap before GC invocations=9 (full 0):
 garbage-first heap   total 152576K, used 107779K [0x0000000080000000, 0x0000000100000000)
  region size 1024K, 89 young (91136K), 12 survivors (12288K)
 Metaspace       used 47344K, capacity 48491K, committed 48720K, reserved 1091584K
  class space    used 6062K, capacity 6528K, committed 6528K, reserved 1048576K
}
Event: 9.961 GC heap after
{Heap after GC invocations=10 (full 0):
 garbage-first heap   total 152576K, used 30943K [0x0000000080000000, 0x0000000100000000)
  region size 1024K, 8 young (8192K), 8 survivors (8192K)
 Metaspace       used 47344K, capacity 48491K, committed 48720K, reserved 1091584K
  class space    used 6062K, capacity 6528K, committed 6528K, reserved 1048576K
}
Event: 13.838 GC heap before
{Heap before GC invocations=10 (full 0):
 garbage-first heap   total 152576K, used 117983K [0x0000000080000000, 0x0000000100000000)
  region size 1024K, 89 young (91136K), 8 survivors (8192K)
 Metaspace       used 53562K, capacity 54771K, committed 54992K, reserved 1097728K
  class space    used 6898K, capacity 7388K, committed 7424K, reserved 1048576K
}
Event: 13.861 GC heap after
{Heap after GC invocations=11 (full 0):
 garbage-first heap   total 183296K, used 45740K [0x0000000080000000, 0x0000000100000000)
  region size 1024K, 12 young (12288K), 12 survivors (12288K)
 Metaspace       used 53562K, capacity 54771K, committed 54992K, reserved 1097728K
  class space    used 6898K, capacity 7388K, committed 7424K, reserved 1048576K
}
Event: 16.216 GC heap before
{Heap before GC invocations=11 (full 0):
 garbage-first heap   total 183296K, used 90796K [0x0000000080000000, 0x0000000100000000)
  region size 1024K, 57 young (58368K), 12 survivors (12288K)
 Metaspace       used 58747K, capacity 60103K, committed 60296K, reserved 1101824K
  class space    used 7547K, capacity 8100K, committed 8192K, reserved 1048576K
}
Event: 16.238 GC heap after
{Heap after GC invocations=12 (full 0):
 garbage-first heap   total 183296K, used 48615K [0x0000000080000000, 0x0000000100000000)
  region size 1024K, 3 young (3072K), 3 survivors (3072K)
 Metaspace       used 58747K, capacity 60103K, committed 60296K, reserved 1101824K
  class space    used 7547K, capacity 8100K, committed 8192K, reserved 1048576K
}
Event: 18.735 GC heap before
{Heap before GC invocations=13 (full 0):
 garbage-first heap   total 183296K, used 124391K [0x0000000080000000, 0x0000000100000000)
  region size 1024K, 78 young (79872K), 3 survivors (3072K)
 Metaspace       used 68008K, capacity 69578K, committed 69640K, reserved 1110016K
  class space    used 8677K, capacity 9307K, committed 9344K, reserved 1048576K
}
Event: 18.750 GC heap after
{Heap after GC invocations=14 (full 0):
 garbage-first heap   total 183296K, used 52943K [0x0000000080000000, 0x0000000100000000)
  region size 1024K, 7 young (7168K), 7 survivors (7168K)
 Metaspace       used 68008K, capacity 69578K, committed 69640K, reserved 1110016K
  class space    used 8677K, capacity 9307K, committed 9344K, reserved 1048576K
}

