# JRE version: OpenJDK Runtime Environment (11.0.11+9) (build 11.0.11+9-b60-7590822)
# Java VM: OpenJDK 64-Bit Server VM (11.0.11+9-b60-7590822, mixed mode, tiered, compressed oops, g1 gc, windows-amd64)
Heap:
 garbage-first heap   total 126976K, used 65425K [0x0000000080000000, 0x0000000100000000)
  region size 1024K, 32 young (32768K), 9 survivors (9216K)
 Metaspace       used 51605K, capacity 52827K, committed 53116K, reserved 1095680K
  class space    used 6665K, capacity 7115K, committed 7168K, reserved 1048576K
GC Heap History (18 events):
Event: 5.000 GC heap before
{Heap before GC invocations=0 (full 0):
 garbage-first heap   total 126976K, used 19456K [0x0000000080000000, 0x0000000100000000)
  region size 1024K, 14 young (14336K), 0 survivors (0K)
 Metaspace       used 6734K, capacity 6925K, committed 7168K, reserved 1056768K
  class space    used 582K, capacity 650K, committed 768K, reserved 1048576K
}
Event: 5.005 GC heap after
{Heap after GC invocations=1 (full 0):
 garbage-first heap   total 126976K, used 8633K [0x0000000080000000, 0x0000000100000000)
  region size 1024K, 2 young (2048K), 2 survivors (2048K)
 Metaspace       used 6734K, capacity 6925K, committed 7168K, reserved 1056768K
  class space    used 582K, capacity 650K, committed 768K, reserved 1048576K
}
Event: 9.477 GC heap before
{Heap before GC invocations=1 (full 0):
 garbage-first heap   total 126976K, used 17849K [0x0000000080000000, 0x0000000100000000)
  region size 1024K, 11 young (11264K), 2 survivors (2048K)
 Metaspace       used 10119K, capacity 10327K, committed 10624K, reserved 1058816K
  class space    used 1051K, capacity 1106K, committed 1152K, reserved 1048576K
}
Event: 9.482 GC heap after
{Heap after GC invocations=2 (full 0):
 garbage-first heap   total 126976K, used 9497K [0x0000000080000000, 0x0000000100000000)
  region size 1024K, 2 young (2048K), 2 survivors (2048K)
 Metaspace       used 10119K, capacity 10327K, committed 10624K, reserved 1058816K
  class space    used 1051K, capacity 1106K, committed 1152K, reserved 1048576K
}
Event: 12.528 GC heap before
{Heap before GC invocations=2 (full 0):
 garbage-first heap   total 126976K, used 48409K [0x0000000080000000, 0x0000000100000000)
  region size 1024K, 40 young (40960K), 2 survivors (2048K)
 Metaspace       used 11299K, capacity 11572K, committed 11776K, reserved 1060864K
  class space    used 1175K, capacity 1244K, committed 1280K, reserved 1048576K
}
Event: 12.535 GC heap after
{Heap after GC invocations=3 (full 0):
 garbage-first heap   total 126976K, used 13843K [0x0000000080000000, 0x0000000100000000)
  region size 1024K, 5 young (5120K), 5 survivors (5120K)
 Metaspace       used 11299K, capacity 11572K, committed 11776K, reserved 1060864K
  class space    used 1175K, capacity 1244K, committed 1280K, reserved 1048576K
}
Event: 20.866 GC heap before
{Heap before GC invocations=3 (full 0):
 garbage-first heap   total 126976K, used 73235K [0x0000000080000000, 0x0000000100000000)
  region size 1024K, 64 young (65536K), 5 survivors (5120K)
 Metaspace       used 20680K, capacity 21168K, committed 21296K, reserved 1069056K
  class space    used 2531K, capacity 2660K, committed 2688K, reserved 1048576K
}
Event: 20.882 GC heap after
{Heap after GC invocations=4 (full 0):
 garbage-first heap   total 126976K, used 17662K [0x0000000080000000, 0x0000000100000000)
  region size 1024K, 8 young (8192K), 8 survivors (8192K)
 Metaspace       used 20680K, capacity 21168K, committed 21296K, reserved 1069056K
  class space    used 2531K, capacity 2660K, committed 2688K, reserved 1048576K
}
Event: 24.173 GC heap before
{Heap before GC invocations=5 (full 0):
 garbage-first heap   total 126976K, used 82174K [0x0000000080000000, 0x0000000100000000)
  region size 1024K, 71 young (72704K), 8 survivors (8192K)
 Metaspace       used 26897K, capacity 27569K, committed 27824K, reserved 1073152K
  class space    used 3536K, capacity 3739K, committed 3840K, reserved 1048576K
}
Event: 24.185 GC heap after
{Heap after GC invocations=6 (full 0):
 garbage-first heap   total 126976K, used 20190K [0x0000000080000000, 0x0000000100000000)
  region size 1024K, 6 young (6144K), 6 survivors (6144K)
 Metaspace       used 26897K, capacity 27569K, committed 27824K, reserved 1073152K
  class space    used 3536K, capacity 3739K, committed 3840K, reserved 1048576K
}
Event: 30.141 GC heap before
{Heap before GC invocations=6 (full 0):
 garbage-first heap   total 126976K, used 65246K [0x0000000080000000, 0x0000000100000000)
  region size 1024K, 51 young (52224K), 6 survivors (6144K)
 Metaspace       used 34883K, capacity 35635K, committed 35708K, reserved 1081344K
  class space    used 4535K, capacity 4857K, committed 4864K, reserved 1048576K
}
Event: 30.168 GC heap after
{Heap after GC invocations=7 (full 0):
 garbage-first heap   total 126976K, used 23243K [0x0000000080000000, 0x0000000100000000)
  region size 1024K, 6 young (6144K), 6 survivors (6144K)
 Metaspace       used 34883K, capacity 35635K, committed 35708K, reserved 1081344K
  class space    used 4535K, capacity 4857K, committed 4864K, reserved 1048576K
}
Event: 32.925 GC heap before
{Heap before GC invocations=8 (full 0):
 garbage-first heap   total 126976K, used 89803K [0x0000000080000000, 0x0000000100000000)
  region size 1024K, 69 young (70656K), 6 survivors (6144K)
 Metaspace       used 39813K, capacity 40778K, committed 40956K, reserved 1085440K
  class space    used 5084K, capacity 5435K, committed 5504K, reserved 1048576K
}
Event: 32.945 GC heap after
{Heap after GC invocations=9 (full 0):
 garbage-first heap   total 126976K, used 28513K [0x0000000080000000, 0x0000000100000000)
  region size 1024K, 9 young (9216K), 9 survivors (9216K)
 Metaspace       used 39813K, capacity 40778K, committed 40956K, reserved 1085440K
  class space    used 5084K, capacity 5435K, committed 5504K, reserved 1048576K
}
Event: 34.700 GC heap before
{Heap before GC invocations=9 (full 0):
 garbage-first heap   total 126976K, used 92001K [0x0000000080000000, 0x0000000100000000)
  region size 1024K, 71 young (72704K), 9 survivors (9216K)
 Metaspace       used 45622K, capacity 46685K, committed 46844K, reserved 1089536K
  class space    used 5851K, capacity 6243K, committed 6272K, reserved 1048576K
}
Event: 34.719 GC heap after
{Heap after GC invocations=10 (full 0):
 garbage-first heap   total 126976K, used 30078K [0x0000000080000000, 0x0000000100000000)
  region size 1024K, 3 young (3072K), 3 survivors (3072K)
 Metaspace       used 45622K, capacity 46685K, committed 46844K, reserved 1089536K
  class space    used 5851K, capacity 6243K, committed 6272K, reserved 1048576K
}
Event: 50.633 GC heap before
{Heap before GC invocations=10 (full 0):
 garbage-first heap   total 126976K, used 99710K [0x0000000080000000, 0x0000000100000000)
  region size 1024K, 66 young (67584K), 3 survivors (3072K)
 Metaspace       used 50040K, capacity 51296K, committed 51452K, reserved 1093632K
  class space    used 6475K, capacity 6946K, committed 7040K, reserved 1048576K
}
Event: 50.653 GC heap after
{Heap after GC invocations=11 (full 0):
 garbage-first heap   total 126976K, used 42897K [0x0000000080000000, 0x0000000100000000)
  region size 1024K, 9 young (9216K), 9 survivors (9216K)
 Metaspace       used 50040K, capacity 51296K, committed 51452K, reserved 1093632K
  class space    used 6475K, capacity 6946K, committed 7040K, reserved 1048576K
}

