# JRE version: OpenJDK Runtime Environment (11.0.11+9) (build 11.0.11+9-b60-7590822)
# Java VM: OpenJDK 64-Bit Server VM (11.0.11+9-b60-7590822, mixed mode, tiered, compressed oops, g1 gc, windows-amd64)
Heap:
 garbage-first heap   total 201728K, used 131582K [0x0000000080000000, 0x0000000100000000)
  region size 1024K, 1 young (1024K), 1 survivors (1024K)
 Metaspace       used 95876K, capacity 98211K, committed 98256K, reserved 1134592K
  class space    used 12610K, capacity 13538K, committed 13568K, reserved 1048576K
GC Heap History (20 events):
Event: 110.695 GC heap after
{Heap after GC invocations=50 (full 0):
 garbage-first heap   total 126976K, used 113589K [0x0000000080000000, 0x0000000100000000)
  region size 1024K, 1 young (1024K), 1 survivors (1024K)
 Metaspace       used 93351K, capacity 95586K, committed 95824K, reserved 1132544K
  class space    used 12261K, capacity 13141K, committed 13184K, reserved 1048576K
}
Event: 110.766 GC heap before
{Heap before GC invocations=51 (full 0):
 garbage-first heap   total 126976K, used 118709K [0x0000000080000000, 0x0000000100000000)
  region size 1024K, 6 young (6144K), 1 survivors (1024K)
 Metaspace       used 93355K, capacity 95586K, committed 95824K, reserved 1132544K
  class space    used 12261K, capacity 13141K, committed 13184K, reserved 1048576K
}
Event: 110.777 GC heap after
{Heap after GC invocations=52 (full 0):
 garbage-first heap   total 126976K, used 116200K [0x0000000080000000, 0x0000000100000000)
  region size 1024K, 1 young (1024K), 1 survivors (1024K)
 Metaspace       used 93355K, capacity 95586K, committed 95824K, reserved 1132544K
  class space    used 12261K, capacity 13141K, committed 13184K, reserved 1048576K
}
Event: 110.870 GC heap before
{Heap before GC invocations=52 (full 0):
 garbage-first heap   total 126976K, used 121320K [0x0000000080000000, 0x0000000100000000)
  region size 1024K, 6 young (6144K), 1 survivors (1024K)
 Metaspace       used 93360K, capacity 95586K, committed 95824K, reserved 1132544K
  class space    used 12261K, capacity 13141K, committed 13184K, reserved 1048576K
}
Event: 110.878 GC heap after
{Heap after GC invocations=53 (full 0):
 garbage-first heap   total 126976K, used 119025K [0x0000000080000000, 0x0000000100000000)
  region size 1024K, 1 young (1024K), 1 survivors (1024K)
 Metaspace       used 93360K, capacity 95586K, committed 95824K, reserved 1132544K
  class space    used 12261K, capacity 13141K, committed 13184K, reserved 1048576K
}
Event: 111.091 GC heap before
{Heap before GC invocations=53 (full 0):
 garbage-first heap   total 126976K, used 123121K [0x0000000080000000, 0x0000000100000000)
  region size 1024K, 6 young (6144K), 1 survivors (1024K)
 Metaspace       used 93360K, capacity 95586K, committed 95824K, reserved 1132544K
  class space    used 12261K, capacity 13141K, committed 13184K, reserved 1048576K
}
Event: 111.100 GC heap after
{Heap after GC invocations=54 (full 0):
 garbage-first heap   total 128000K, used 121768K [0x0000000080000000, 0x0000000100000000)
  region size 1024K, 1 young (1024K), 1 survivors (1024K)
 Metaspace       used 93360K, capacity 95586K, committed 95824K, reserved 1132544K
  class space    used 12261K, capacity 13141K, committed 13184K, reserved 1048576K
}
Event: 111.174 GC heap before
{Heap before GC invocations=54 (full 0):
 garbage-first heap   total 128000K, used 126888K [0x0000000080000000, 0x0000000100000000)
  region size 1024K, 6 young (6144K), 1 survivors (1024K)
 Metaspace       used 93361K, capacity 95586K, committed 95824K, reserved 1132544K
  class space    used 12261K, capacity 13141K, committed 13184K, reserved 1048576K
}
Event: 111.185 GC heap after
{Heap after GC invocations=55 (full 0):
 garbage-first heap   total 131072K, used 124396K [0x0000000080000000, 0x0000000100000000)
  region size 1024K, 1 young (1024K), 1 survivors (1024K)
 Metaspace       used 93361K, capacity 95586K, committed 95824K, reserved 1132544K
  class space    used 12261K, capacity 13141K, committed 13184K, reserved 1048576K
}
Event: 111.278 GC heap before
{Heap before GC invocations=55 (full 0):
 garbage-first heap   total 131072K, used 129516K [0x0000000080000000, 0x0000000100000000)
  region size 1024K, 6 young (6144K), 1 survivors (1024K)
 Metaspace       used 93370K, capacity 95586K, committed 95824K, reserved 1132544K
  class space    used 12261K, capacity 13141K, committed 13184K, reserved 1048576K
}
Event: 111.286 GC heap after
{Heap after GC invocations=56 (full 0):
 garbage-first heap   total 134144K, used 127465K [0x0000000080000000, 0x0000000100000000)
  region size 1024K, 1 young (1024K), 1 survivors (1024K)
 Metaspace       used 93370K, capacity 95586K, committed 95824K, reserved 1132544K
  class space    used 12261K, capacity 13141K, committed 13184K, reserved 1048576K
}
Event: 111.478 GC heap before
{Heap before GC invocations=56 (full 0):
 garbage-first heap   total 134144K, used 131561K [0x0000000080000000, 0x0000000100000000)
  region size 1024K, 6 young (6144K), 1 survivors (1024K)
 Metaspace       used 93361K, capacity 95560K, committed 95824K, reserved 1132544K
  class space    used 12255K, capacity 13130K, committed 13184K, reserved 1048576K
}
Event: 111.488 GC heap after
{Heap after GC invocations=57 (full 0):
 garbage-first heap   total 164864K, used 130445K [0x0000000080000000, 0x0000000100000000)
  region size 1024K, 1 young (1024K), 1 survivors (1024K)
 Metaspace       used 93361K, capacity 95560K, committed 95824K, reserved 1132544K
  class space    used 12255K, capacity 13130K, committed 13184K, reserved 1048576K
}
Event: 113.676 GC heap before
{Heap before GC invocations=58 (full 0):
 garbage-first heap   total 164864K, used 137613K [0x0000000080000000, 0x0000000100000000)
  region size 1024K, 8 young (8192K), 1 survivors (1024K)
 Metaspace       used 94744K, capacity 97050K, committed 97360K, reserved 1132544K
  class space    used 12466K, capacity 13349K, committed 13440K, reserved 1048576K
}
Event: 113.685 GC heap after
{Heap after GC invocations=59 (full 0):
 garbage-first heap   total 164864K, used 131788K [0x0000000080000000, 0x0000000100000000)
  region size 1024K, 1 young (1024K), 1 survivors (1024K)
 Metaspace       used 94744K, capacity 97050K, committed 97360K, reserved 1132544K
  class space    used 12466K, capacity 13349K, committed 13440K, reserved 1048576K
}
Event: 114.348 GC heap before
{Heap before GC invocations=59 (full 0):
 garbage-first heap   total 164864K, used 138956K [0x0000000080000000, 0x0000000100000000)
  region size 1024K, 8 young (8192K), 1 survivors (1024K)
 Metaspace       used 95225K, capacity 97540K, committed 97616K, reserved 1134592K
  class space    used 12523K, capacity 13402K, committed 13440K, reserved 1048576K
}
Event: 114.361 GC heap after
{Heap after GC invocations=60 (full 0):
 garbage-first heap   total 164864K, used 133346K [0x0000000080000000, 0x0000000100000000)
  region size 1024K, 1 young (1024K), 1 survivors (1024K)
 Metaspace       used 95225K, capacity 97540K, committed 97616K, reserved 1134592K
  class space    used 12523K, capacity 13402K, committed 13440K, reserved 1048576K
}
Event: 114.701 GC heap before
{Heap before GC invocations=60 (full 0):
 garbage-first heap   total 164864K, used 139490K [0x0000000080000000, 0x0000000100000000)
  region size 1024K, 8 young (8192K), 1 survivors (1024K)
 Metaspace       used 95511K, capacity 97870K, committed 98000K, reserved 1134592K
  class space    used 12560K, capacity 13466K, committed 13568K, reserved 1048576K
}
Event: 114.712 GC heap after
{Heap after GC invocations=61 (full 0):
 garbage-first heap   total 164864K, used 134680K [0x0000000080000000, 0x0000000100000000)
  region size 1024K, 1 young (1024K), 1 survivors (1024K)
 Metaspace       used 95511K, capacity 97870K, committed 98000K, reserved 1134592K
  class space    used 12560K, capacity 13466K, committed 13568K, reserved 1048576K
}
Event: 115.163 GC heap before
{Heap before GC invocations=61 (full 0):
 garbage-first heap   total 164864K, used 136728K [0x0000000080000000, 0x0000000100000000)
  region size 1024K, 8 young (8192K), 1 survivors (1024K)
 Metaspace       used 95876K, capacity 98211K, committed 98256K, reserved 1134592K
  class space    used 12610K, capacity 13538K, committed 13568K, reserved 1048576K
}

