# JRE version: OpenJDK Runtime Environment (11.0.11+9) (build 11.0.11+9-b60-7590822)
# Java VM: OpenJDK 64-Bit Server VM (11.0.11+9-b60-7590822, mixed mode, tiered, compressed oops, g1 gc, windows-amd64)
Heap:
 garbage-first heap   total 569344K, used 211312K [0x0000000080000000, 0x0000000100000000)
  region size 1024K, 7 young (7168K), 7 survivors (7168K)
 Metaspace       used 118316K, capacity 121763K, committed 122024K, reserved 1155072K
  class space    used 15080K, capacity 16372K, committed 16384K, reserved 1048576K
GC Heap History (20 events):
Event: 984.857 GC heap after
{Heap after GC invocations=90 (full 0):
 garbage-first heap   total 220160K, used 163298K [0x0000000080000000, 0x0000000100000000)
  region size 1024K, 4 young (4096K), 4 survivors (4096K)
 Metaspace       used 111070K, capacity 114264K, committed 114600K, reserved 1148928K
  class space    used 14068K, capacity 15258K, committed 15360K, reserved 1048576K
}
Event: 984.960 GC heap before
{Heap before GC invocations=90 (full 0):
 garbage-first heap   total 220160K, used 184802K [0x0000000080000000, 0x0000000100000000)
  region size 1024K, 25 young (25600K), 4 survivors (4096K)
 Metaspace       used 111220K, capacity 114443K, committed 114600K, reserved 1148928K
  class space    used 14091K, capacity 15274K, committed 15360K, reserved 1048576K
}
Event: 984.982 GC heap after
{Heap after GC invocations=91 (full 0):
 garbage-first heap   total 220160K, used 169273K [0x0000000080000000, 0x0000000100000000)
  region size 1024K, 4 young (4096K), 4 survivors (4096K)
 Metaspace       used 111220K, capacity 114443K, committed 114600K, reserved 1148928K
  class space    used 14091K, capacity 15274K, committed 15360K, reserved 1048576K
}
Event: 985.358 GC heap before
{Heap before GC invocations=91 (full 0):
 garbage-first heap   total 220160K, used 185657K [0x0000000080000000, 0x0000000100000000)
  region size 1024K, 21 young (21504K), 4 survivors (4096K)
 Metaspace       used 111813K, capacity 115032K, committed 115240K, reserved 1148928K
  class space    used 14173K, capacity 15384K, committed 15488K, reserved 1048576K
}
Event: 985.382 GC heap after
{Heap after GC invocations=92 (full 0):
 garbage-first heap   total 264192K, used 174002K [0x0000000080000000, 0x0000000100000000)
  region size 1024K, 3 young (3072K), 3 survivors (3072K)
 Metaspace       used 111813K, capacity 115032K, committed 115240K, reserved 1148928K
  class space    used 14173K, capacity 15384K, committed 15488K, reserved 1048576K
}
Event: 985.745 GC heap before
{Heap before GC invocations=93 (full 0):
 garbage-first heap   total 264192K, used 205746K [0x0000000080000000, 0x0000000100000000)
  region size 1024K, 34 young (34816K), 3 survivors (3072K)
 Metaspace       used 111787K, capacity 114964K, committed 115240K, reserved 1148928K
  class space    used 14148K, capacity 15333K, committed 15488K, reserved 1048576K
}
Event: 985.770 GC heap after
{Heap after GC invocations=94 (full 0):
 garbage-first heap   total 264192K, used 180747K [0x0000000080000000, 0x0000000100000000)
  region size 1024K, 5 young (5120K), 5 survivors (5120K)
 Metaspace       used 111787K, capacity 114964K, committed 115240K, reserved 1148928K
  class space    used 14148K, capacity 15333K, committed 15488K, reserved 1048576K
}
Event: 985.802 GC heap before
{Heap before GC invocations=94 (full 0):
 garbage-first heap   total 264192K, used 187915K [0x0000000080000000, 0x0000000100000000)
  region size 1024K, 12 young (12288K), 5 survivors (5120K)
 Metaspace       used 111789K, capacity 114964K, committed 115240K, reserved 1148928K
  class space    used 14148K, capacity 15333K, committed 15488K, reserved 1048576K
}
Event: 985.822 GC heap after
{Heap after GC invocations=95 (full 0):
 garbage-first heap   total 264192K, used 175893K [0x0000000080000000, 0x0000000100000000)
  region size 1024K, 2 young (2048K), 2 survivors (2048K)
 Metaspace       used 111789K, capacity 114964K, committed 115240K, reserved 1148928K
  class space    used 14148K, capacity 15333K, committed 15488K, reserved 1048576K
}
Event: 985.972 GC heap before
{Heap before GC invocations=95 (full 0):
 garbage-first heap   total 264192K, used 207637K [0x0000000080000000, 0x0000000100000000)
  region size 1024K, 33 young (33792K), 2 survivors (2048K)
 Metaspace       used 111915K, capacity 115092K, committed 115496K, reserved 1148928K
  class space    used 14163K, capacity 15333K, committed 15488K, reserved 1048576K
}
Event: 985.992 GC heap after
{Heap after GC invocations=96 (full 0):
 garbage-first heap   total 264192K, used 181248K [0x0000000080000000, 0x0000000100000000)
  region size 1024K, 5 young (5120K), 5 survivors (5120K)
 Metaspace       used 111915K, capacity 115092K, committed 115496K, reserved 1148928K
  class space    used 14163K, capacity 15333K, committed 15488K, reserved 1048576K
}
Event: 986.512 GC heap before
{Heap before GC invocations=96 (full 0):
 garbage-first heap   total 264192K, used 211968K [0x0000000080000000, 0x0000000100000000)
  region size 1024K, 36 young (36864K), 5 survivors (5120K)
 Metaspace       used 113011K, capacity 116258K, committed 116392K, reserved 1150976K
  class space    used 14308K, capacity 15507K, committed 15616K, reserved 1048576K
}
Event: 986.537 GC heap after
{Heap after GC invocations=97 (full 0):
 garbage-first heap   total 346112K, used 186656K [0x0000000080000000, 0x0000000100000000)
  region size 1024K, 5 young (5120K), 5 survivors (5120K)
 Metaspace       used 113011K, capacity 116258K, committed 116392K, reserved 1150976K
  class space    used 14308K, capacity 15507K, committed 15616K, reserved 1048576K
}
Event: 986.755 GC heap before
{Heap before GC invocations=97 (full 0):
 garbage-first heap   total 346112K, used 240928K [0x0000000080000000, 0x0000000100000000)
  region size 1024K, 58 young (59392K), 5 survivors (5120K)
 Metaspace       used 113013K, capacity 116258K, committed 116392K, reserved 1150976K
  class space    used 14308K, capacity 15507K, committed 15616K, reserved 1048576K
}
Event: 986.788 GC heap after
{Heap after GC invocations=98 (full 0):
 garbage-first heap   total 346112K, used 196608K [0x0000000080000000, 0x0000000100000000)
  region size 1024K, 8 young (8192K), 8 survivors (8192K)
 Metaspace       used 113013K, capacity 116258K, committed 116392K, reserved 1150976K
  class space    used 14308K, capacity 15507K, committed 15616K, reserved 1048576K
}
Event: 988.239 GC heap before
{Heap before GC invocations=98 (full 0):
 garbage-first heap   total 346112K, used 250880K [0x0000000080000000, 0x0000000100000000)
  region size 1024K, 61 young (62464K), 8 survivors (8192K)
 Metaspace       used 116613K, capacity 120016K, committed 120104K, reserved 1153024K
  class space    used 14955K, capacity 16255K, committed 16256K, reserved 1048576K
}
Event: 988.276 GC heap after
{Heap after GC invocations=99 (full 0):
 garbage-first heap   total 346112K, used 204757K [0x0000000080000000, 0x0000000100000000)
  region size 1024K, 8 young (8192K), 8 survivors (8192K)
 Metaspace       used 116613K, capacity 120016K, committed 120104K, reserved 1153024K
  class space    used 14955K, capacity 16255K, committed 16256K, reserved 1048576K
}
Event: 989.322 GC heap before
{Heap before GC invocations=99 (full 0):
 garbage-first heap   total 346112K, used 259029K [0x0000000080000000, 0x0000000100000000)
  region size 1024K, 61 young (62464K), 8 survivors (8192K)
 Metaspace       used 117948K, capacity 121417K, committed 121512K, reserved 1155072K
  class space    used 15052K, capacity 16368K, committed 16384K, reserved 1048576K
}
Event: 989.346 GC heap after
{Heap after GC invocations=100 (full 0):
 garbage-first heap   total 346112K, used 208638K [0x0000000080000000, 0x0000000100000000)
  region size 1024K, 4 young (4096K), 4 survivors (4096K)
 Metaspace       used 117948K, capacity 121417K, committed 121512K, reserved 1155072K
  class space    used 15052K, capacity 16368K, committed 16384K, reserved 1048576K
}
Event: 989.877 GC heap before
{Heap before GC invocations=100 (full 0):
 garbage-first heap   total 346112K, used 264958K [0x0000000080000000, 0x0000000100000000)
  region size 1024K, 59 young (60416K), 4 survivors (4096K)
 Metaspace       used 118316K, capacity 121763K, committed 122024K, reserved 1155072K
  class space    used 15080K, capacity 16372K, committed 16384K, reserved 1048576K
}

